Configuring tpm-emulator-1.0.1...
Preprocessing library tpm-emulator-1.0.1...
[ 1 of 18] Compiling TPM.Const        ( TPM/Const.hs, .stack-work/dist/x86_64-linux/Cabal-1.22.5.0/build/TPM/Const.o )
[ 2 of 18] Compiling TPM.Error        ( TPM/Error.hs, .stack-work/dist/x86_64-linux/Cabal-1.22.5.0/build/TPM/Error.o )
[ 3 of 18] Compiling TPM.Utils        ( TPM/Utils.hs, .stack-work/dist/x86_64-linux/Cabal-1.22.5.0/build/TPM/Utils.o )
[ 4 of 18] Compiling TPM.Driver       ( TPM/Driver.hs, .stack-work/dist/x86_64-linux/Cabal-1.22.5.0/build/TPM/Driver.o )
[ 5 of 18] Compiling TPM.Driver.Socket ( TPM/Driver/Socket.hs, .stack-work/dist/x86_64-linux/Cabal-1.22.5.0/build/TPM/Driver/Socket.o )

TPM/Driver/Socket.hs:58:25: Warning:
    In the use of ‘sClose’ (imported from Network.Socket):
    Deprecated: "use 'close'"
[ 6 of 18] Compiling TPM.Types        ( TPM/Types.hs, .stack-work/dist/x86_64-linux/Cabal-1.22.5.0/build/TPM/Types.o )

TPM/Types.hs:1350:1: Warning: Tab character

TPM/Types.hs:1351:1: Warning: Tab character

TPM/Types.hs:1352:1: Warning: Tab character

TPM/Types.hs:1354:1: Warning: Tab character

TPM/Types.hs:1355:1: Warning: Tab character

TPM/Types.hs:1358:1: Warning: Tab character

TPM/Types.hs:1359:1: Warning: Tab character

TPM/Types.hs:1360:1: Warning: Tab character

TPM/Types.hs:1362:1: Warning: Tab character

TPM/Types.hs:1363:1: Warning: Tab character

TPM/Types.hs:1365:1: Warning: Tab character

TPM/Types.hs:1366:1: Warning: Tab character

TPM/Types.hs:1367:1: Warning: Tab character

TPM/Types.hs:1368:1: Warning: Tab character

TPM/Types.hs:1369:1: Warning: Tab character

TPM/Types.hs:1371:1: Warning: Tab character

TPM/Types.hs:1372:1: Warning: Tab character

TPM/Types.hs:1373:1: Warning: Tab character

TPM/Types.hs:1374:1: Warning: Tab character

TPM/Types.hs:1382:1: Warning: Tab character

TPM/Types.hs:1383:1: Warning: Tab character

TPM/Types.hs:1384:1: Warning: Tab character

TPM/Types.hs:1386:1: Warning: Tab character

TPM/Types.hs:1386:32: Warning: Tab character

TPM/Types.hs:1387:1: Warning: Tab character

TPM/Types.hs:1388:1: Warning: Tab character

TPM/Types.hs:1395:1: Warning: Tab character

TPM/Types.hs:1396:1: Warning: Tab character

TPM/Types.hs:1397:1: Warning: Tab character

TPM/Types.hs:1398:1: Warning: Tab character

TPM/Types.hs:1400:1: Warning: Tab character

TPM/Types.hs:1401:1: Warning: Tab character

TPM/Types.hs:1402:1: Warning: Tab character

TPM/Types.hs:1404:1: Warning: Tab character

TPM/Types.hs:1405:1: Warning: Tab character

TPM/Types.hs:1405:42: Warning: Tab character

TPM/Types.hs:1406:1: Warning: Tab character

TPM/Types.hs:1406:42: Warning: Tab character

TPM/Types.hs:1407:1: Warning: Tab character

TPM/Types.hs:1407:42: Warning: Tab character

TPM/Types.hs:1409:1: Warning: Tab character

TPM/Types.hs:1410:1: Warning: Tab character

TPM/Types.hs:1411:1: Warning: Tab character

TPM/Types.hs:1413:1: Warning: Tab character

TPM/Types.hs:1417:1: Warning: Tab character

TPM/Types.hs:1420:1: Warning: Tab character

TPM/Types.hs:1423:1: Warning: Tab character

TPM/Types.hs:1424:1: Warning: Tab character

TPM/Types.hs:1425:1: Warning: Tab character

TPM/Types.hs:1427:1: Warning: Tab character

TPM/Types.hs:1428:1: Warning: Tab character

TPM/Types.hs:1432:1: Warning: Tab character

TPM/Types.hs:1434:1: Warning: Tab character

TPM/Types.hs:1437:1: Warning: Tab character

TPM/Types.hs:1439:1: Warning: Tab character

TPM/Types.hs:1444:1: Warning: Tab character
[ 7 of 18] Compiling TPM.Nonce        ( TPM/Nonce.hs, .stack-work/dist/x86_64-linux/Cabal-1.22.5.0/build/TPM/Nonce.o )
[ 8 of 18] Compiling TPM.Key          ( TPM/Key.hs, .stack-work/dist/x86_64-linux/Cabal-1.22.5.0/build/TPM/Key.o )
[ 9 of 18] Compiling TPM.Digest       ( TPM/Digest.hs, .stack-work/dist/x86_64-linux/Cabal-1.22.5.0/build/TPM/Digest.o )
[10 of 18] Compiling TPM.PCR          ( TPM/PCR.hs, .stack-work/dist/x86_64-linux/Cabal-1.22.5.0/build/TPM/PCR.o )
[11 of 18] Compiling TPM.Session      ( TPM/Session.hs, .stack-work/dist/x86_64-linux/Cabal-1.22.5.0/build/TPM/Session.o )
[12 of 18] Compiling TPM.Cipher       ( TPM/Cipher.hs, .stack-work/dist/x86_64-linux/Cabal-1.22.5.0/build/TPM/Cipher.o )
[13 of 18] Compiling TPM.Storage      ( TPM/Storage.hs, .stack-work/dist/x86_64-linux/Cabal-1.22.5.0/build/TPM/Storage.o )

TPM/Storage.hs:129:35: Warning:
    In the use of ‘runGetState’ (imported from Data.Binary.Get):
    Deprecated: "Use runGetIncremental instead. This function will be removed."

TPM/Storage.hs:151:33: Warning:
    In the use of ‘runGetState’ (imported from Data.Binary.Get):
    Deprecated: "Use runGetIncremental instead. This function will be removed."
[14 of 18] Compiling TPM.Eviction     ( TPM/Eviction.hs, .stack-work/dist/x86_64-linux/Cabal-1.22.5.0/build/TPM/Eviction.o )
[15 of 18] Compiling TPM.Capability   ( TPM/Capability.hs, .stack-work/dist/x86_64-linux/Cabal-1.22.5.0/build/TPM/Capability.o )
[16 of 18] Compiling TPM.SignTest     ( TPM/SignTest.hs, .stack-work/dist/x86_64-linux/Cabal-1.22.5.0/build/TPM/SignTest.o )
[17 of 18] Compiling TPM.Admin        ( TPM/Admin.hs, .stack-work/dist/x86_64-linux/Cabal-1.22.5.0/build/TPM/Admin.o )
[18 of 18] Compiling TPM              ( TPM.hs, .stack-work/dist/x86_64-linux/Cabal-1.22.5.0/build/TPM.o )
In-place registering tpm-emulator-1.0.1...
Installing library in
/home/user/stackTopLevel/tpmEmulator/.stack-work/install/x86_64-linux/lts-6.31/7.10.3/lib/x86_64-linux-ghc-7.10.3/tpm-emulator-1.0.1-IbRXF6XKX326UrY2E4ELU8
Registering tpm-emulator-1.0.1...
