Warning: tpm-util.cabal: Unknown fields: exposed-modules (line 20)
Fields allowed in this section:
main-is, buildable, build-tools, build-depends, cpp-options,
cc-options, ld-options, pkgconfig-depends, frameworks, c-sources,
js-sources, default-language, other-languages, default-extensions,
other-extensions, extensions, extra-libraries,
extra-ghci-libraries, extra-lib-dirs, includes, install-includes,
include-dirs, hs-source-dirs, other-modules, ghc-prof-options,
ghcjs-prof-options, ghc-shared-options, ghcjs-shared-options,
ghc-options, ghcjs-options, jhc-options, hugs-options,
nhc98-options
Configuring tpm-util-0.1.0.0...
Warning: Packages using 'cabal-version: >= 1.10' must specify the
'default-language' field for each component (e.g. Haskell98 or Haskell2010).
If a component uses different languages in different modules then list the
other ones in the 'other-languages' field.
Preprocessing library tpm-util-0.1.0.0...
In-place registering tpm-util-0.1.0.0...
Preprocessing executable 'TPMUtil' for tpm-util-0.1.0.0...
Installing library in
/home/user/stackTopLevel/tpmEmulator/util/.stack-work/install/x86_64-linux/lts-6.31/7.10.3/lib/x86_64-linux-ghc-7.10.3/tpm-util-0.1.0.0-2A7FRRpSbOj3mNyqwLASoE
Installing executable(s) in
/home/user/stackTopLevel/tpmEmulator/util/.stack-work/install/x86_64-linux/lts-6.31/7.10.3/bin
Registering tpm-util-0.1.0.0...
